2024-06-07 13:00:56,202 INFO  [Log] **************************************************************************************** 
2024-06-07 13:00:56,202 INFO  [Log] **************************************************************************************** 
2024-06-07 13:00:56,203 INFO  [Log] $$$$$$$$$$$$$$$$$$$$$                 My first test case for login       $$$$$$$$$$$$$$$$$$$$$$$$$ 
2024-06-07 13:00:56,204 INFO  [Log] **************************************************************************************** 
2024-06-07 13:00:56,204 INFO  [Log] **************************************************************************************** 
2024-06-07 13:00:56,204 INFO  [Log] username has been entered 
2024-06-07 13:00:56,303 INFO  [Log] password has been entered 
2024-06-07 13:00:56,304 WARN  [Log] This might not load the page 
2024-06-07 13:10:37,619 INFO  [Log] **************************************************************************************** 
2024-06-07 13:10:37,619 INFO  [Log] **************************************************************************************** 
2024-06-07 13:10:37,621 INFO  [Log] $$$$$$$$$$$$$$$$$$$$$                 My first test case for login       $$$$$$$$$$$$$$$$$$$$$$$$$ 
2024-06-07 13:10:37,621 INFO  [Log] **************************************************************************************** 
2024-06-07 13:10:37,621 INFO  [Log] **************************************************************************************** 
2024-06-07 13:10:37,621 INFO  [Log] username has been entered 
2024-06-07 13:10:37,722 INFO  [Log] password has been entered 
2024-06-07 13:10:37,722 WARN  [Log] This might not load the page 
2024-06-07 13:32:11,815 INFO  [Log] **************************************************************************************** 
2024-06-07 13:32:11,815 INFO  [Log] **************************************************************************************** 
2024-06-07 13:32:11,816 INFO  [Log] $$$$$$$$$$$$$$$$$$$$$                 My first test case for login       $$$$$$$$$$$$$$$$$$$$$$$$$ 
2024-06-07 13:32:11,816 INFO  [Log] **************************************************************************************** 
2024-06-07 13:32:11,816 INFO  [Log] **************************************************************************************** 
2024-06-07 13:32:11,816 INFO  [Log] username has been entered 
2024-06-07 13:32:11,892 INFO  [Log] password has been entered 
2024-06-07 13:32:11,892 WARN  [Log] This might not load the page 
2024-06-07 13:46:02,179 INFO  [Log] **************************************************************************************** 
2024-06-07 13:46:02,179 INFO  [Log] **************************************************************************************** 
2024-06-07 13:46:02,181 INFO  [Log] $$$$$$$$$$$$$$$$$$$$$                 My first test case for login       $$$$$$$$$$$$$$$$$$$$$$$$$ 
2024-06-07 13:46:02,181 INFO  [Log] **************************************************************************************** 
2024-06-07 13:46:02,181 INFO  [Log] **************************************************************************************** 
2024-06-07 13:46:02,181 INFO  [Log] username has been entered 
2024-06-07 13:46:02,285 INFO  [Log] password has been entered 
2024-06-07 13:46:02,285 WARN  [Log] This might not load the page 
